\BOOKMARK [0][-]{chapter.1}{\376\377\000L\000i\000s\000t\000a\000\040\000d\000e\000\040\000t\000a\000r\000e\000a\000s\000\040\000p\000e\000n\000d\000i\000e\000n\000t\000e\000s}{}
\BOOKMARK [0][-]{chapter.2}{\376\377\000I\000n\000d\000i\000c\000e\000\040\000d\000e\000\040\000m\000\363\000d\000u\000l\000o\000s}{}
\BOOKMARK [1][-]{section.2.1}{\376\377\000M\000\363\000d\000u\000l\000o\000s}{chapter.2}
\BOOKMARK [0][-]{chapter.3}{\376\377\000I\000n\000d\000i\000c\000e\000\040\000d\000e\000\040\000n\000a\000m\000e\000s\000p\000a\000c\000e\000s}{}
\BOOKMARK [1][-]{section.3.1}{\376\377\000L\000i\000s\000t\000a\000\040\000d\000e\000\040\000'\000n\000a\000m\000e\000s\000p\000a\000c\000e\000s\000'}{chapter.3}
\BOOKMARK [0][-]{chapter.4}{\376\377\000\315\000n\000d\000i\000c\000e\000\040\000d\000e\000\040\000c\000l\000a\000s\000e\000s}{}
\BOOKMARK [1][-]{section.4.1}{\376\377\000L\000i\000s\000t\000a\000\040\000d\000e\000\040\000c\000l\000a\000s\000e\000s}{chapter.4}
\BOOKMARK [0][-]{chapter.5}{\376\377\000I\000n\000d\000i\000c\000e\000\040\000d\000e\000\040\000a\000r\000c\000h\000i\000v\000o\000s}{}
\BOOKMARK [1][-]{section.5.1}{\376\377\000L\000i\000s\000t\000a\000\040\000d\000e\000\040\000a\000r\000c\000h\000i\000v\000o\000s}{chapter.5}
\BOOKMARK [0][-]{chapter.6}{\376\377\000D\000o\000c\000u\000m\000e\000n\000t\000a\000c\000i\000\363\000n\000\040\000d\000e\000\040\000m\000\363\000d\000u\000l\000o\000s}{}
\BOOKMARK [1][-]{section.6.1}{\376\377\000G\000l\000o\000b\000a\000l\000\040\000e\000n\000u\000m\000e\000r\000a\000t\000i\000o\000n\000s}{chapter.6}
\BOOKMARK [2][-]{subsection.6.1.1}{\376\377\000D\000o\000c\000u\000m\000e\000n\000t\000a\000c\000i\000\363\000n\000\040\000d\000e\000\040\000l\000a\000s\000\040\000e\000n\000u\000m\000e\000r\000a\000c\000i\000o\000n\000e\000s}{section.6.1}
\BOOKMARK [3][-]{subsubsection.6.1.1.1}{\376\377\000X\000s\000e\000n\000s\000R\000e\000s\000u\000l\000t\000V\000a\000l\000u\000e}{subsection.6.1.1}
\BOOKMARK [0][-]{chapter.7}{\376\377\000D\000o\000c\000u\000m\000e\000n\000t\000a\000c\000i\000\363\000n\000\040\000d\000e\000\040\000n\000a\000m\000e\000s\000p\000a\000c\000e\000s}{}
\BOOKMARK [1][-]{section.7.1}{\376\377\000R\000e\000f\000e\000r\000e\000n\000c\000i\000a\000\040\000d\000e\000l\000\040\000N\000a\000m\000e\000s\000p\000a\000c\000e\000\040\000d\000f\000v}{chapter.7}
\BOOKMARK [2][-]{subsection.7.1.1}{\376\377\000D\000e\000s\000c\000r\000i\000p\000c\000i\000\363\000n\000\040\000d\000e\000t\000a\000l\000l\000a\000d\000a}{section.7.1}
\BOOKMARK [1][-]{section.7.2}{\376\377\000R\000e\000f\000e\000r\000e\000n\000c\000i\000a\000\040\000d\000e\000l\000\040\000N\000a\000m\000e\000s\000p\000a\000c\000e\000\040\000x\000s\000e\000n\000s}{chapter.7}
\BOOKMARK [2][-]{subsection.7.2.1}{\376\377\000D\000e\000s\000c\000r\000i\000p\000c\000i\000\363\000n\000\040\000d\000e\000t\000a\000l\000l\000a\000d\000a}{section.7.2}
\BOOKMARK [2][-]{subsection.7.2.2}{\376\377\000D\000o\000c\000u\000m\000e\000n\000t\000a\000c\000i\000\363\000n\000\040\000d\000e\000\040\000l\000a\000s\000\040\000f\000u\000n\000c\000i\000o\000n\000e\000s}{section.7.2}
\BOOKMARK [3][-]{subsubsection.7.2.2.1}{\376\377\000c\000m\000t\000S\000c\000a\000n\000P\000o\000r\000t}{subsection.7.2.2}
\BOOKMARK [3][-]{subsubsection.7.2.2.2}{\376\377\000c\000m\000t\000S\000c\000a\000n\000P\000o\000r\000t\000s}{subsection.7.2.2}
\BOOKMARK [3][-]{subsubsection.7.2.2.3}{\376\377\000g\000e\000t\000D\000a\000t\000e\000A\000s\000S\000t\000r\000i\000n\000g}{subsection.7.2.2}
\BOOKMARK [3][-]{subsubsection.7.2.2.4}{\376\377\000g\000e\000t\000D\000a\000t\000e\000T\000i\000m\000e}{subsection.7.2.2}
\BOOKMARK [3][-]{subsubsection.7.2.2.5}{\376\377\000g\000e\000t\000T\000i\000m\000e\000A\000s\000S\000t\000r\000i\000n\000g}{subsection.7.2.2}
\BOOKMARK [3][-]{subsubsection.7.2.2.6}{\376\377\000g\000e\000t\000T\000i\000m\000e\000O\000f\000D\000a\000y}{subsection.7.2.2}
\BOOKMARK [3][-]{subsubsection.7.2.2.7}{\376\377\000m\000s\000l\000e\000e\000p}{subsection.7.2.2}
\BOOKMARK [0][-]{chapter.8}{\376\377\000D\000o\000c\000u\000m\000e\000n\000t\000a\000c\000i\000\363\000n\000\040\000d\000e\000\040\000l\000a\000s\000\040\000c\000l\000a\000s\000e\000s}{}
\BOOKMARK [1][-]{section.8.1}{\376\377\000R\000e\000f\000e\000r\000e\000n\000c\000i\000a\000\040\000d\000e\000\040\000l\000a\000\040\000E\000s\000t\000r\000u\000c\000t\000u\000r\000a\000\040\000C\000m\000t\000D\000e\000v\000i\000c\000e\000C\000o\000n\000f\000i\000g\000u\000r\000a\000t\000i\000o\000n\000:\000:\000\137\000d\000e\000v\000I\000n\000f\000o}{chapter.8}
\BOOKMARK [1][-]{section.8.2}{\376\377\000R\000e\000f\000e\000r\000e\000n\000c\000i\000a\000\040\000d\000e\000\040\000l\000a\000\040\000U\000n\000i\000\363\000n\000\040\000x\000s\000e\000n\000s\000:\000:\000M\000e\000s\000s\000a\000g\000e\000H\000e\000a\000d\000e\000r\000:\000:\000\137\000m\000d\000l}{chapter.8}
\BOOKMARK [1][-]{section.8.3}{\376\377\000R\000e\000f\000e\000r\000e\000n\000c\000i\000a\000\040\000d\000e\000\040\000l\000a\000\040\000E\000s\000t\000r\000u\000c\000t\000u\000r\000a\000\040\000x\000s\000e\000n\000s\000:\000:\000M\000e\000s\000s\000a\000g\000e\000H\000e\000a\000d\000e\000r\000:\000:\000\137\000m\000d\000l\000:\000:\000\137\000m\000e\000x\000t\000d}{chapter.8}
\BOOKMARK [1][-]{section.8.4}{\376\377\000R\000e\000f\000e\000r\000e\000n\000c\000i\000a\000\040\000d\000e\000\040\000l\000a\000\040\000E\000s\000t\000r\000u\000c\000t\000u\000r\000a\000\040\000x\000s\000e\000n\000s\000:\000:\000M\000e\000s\000s\000a\000g\000e\000H\000e\000a\000d\000e\000r\000:\000:\000\137\000m\000d\000l\000:\000:\000\137\000m\000e\000x\000t\000d\000:\000:\000\137\000m\000l\000e\000n}{chapter.8}
\BOOKMARK [1][-]{section.8.5}{\376\377\000R\000e\000f\000e\000r\000e\000n\000c\000i\000a\000\040\000d\000e\000\040\000l\000a\000\040\000C\000l\000a\000s\000e\000\040\000g\000a\000z\000e\000b\000o\000:\000:\000C\000M\000o\000d\000e\000l}{chapter.8}
\BOOKMARK [1][-]{section.8.6}{\376\377\000R\000e\000f\000e\000r\000e\000n\000c\000i\000a\000\040\000d\000e\000\040\000l\000a\000\040\000C\000l\000a\000s\000e\000\040\000g\000a\000z\000e\000b\000o\000:\000:\000C\000M\000o\000d\000e\000l\000L\000i\000s\000t}{chapter.8}
\BOOKMARK [1][-]{section.8.7}{\376\377\000R\000e\000f\000e\000r\000e\000n\000c\000i\000a\000\040\000d\000e\000\040\000l\000a\000\040\000C\000l\000a\000s\000e\000\040\000x\000s\000e\000n\000s\000:\000:\000C\000m\000t\0001\000f}{chapter.8}
\BOOKMARK [2][-]{subsection.8.7.1}{\376\377\000D\000e\000s\000c\000r\000i\000p\000c\000i\000\363\000n\000\040\000d\000e\000t\000a\000l\000l\000a\000d\000a}{section.8.7}
\BOOKMARK [2][-]{subsection.8.7.2}{\376\377\000D\000o\000c\000u\000m\000e\000n\000t\000a\000c\000i\000\363\000n\000\040\000d\000e\000\040\000l\000a\000s\000\040\000f\000u\000n\000c\000i\000o\000n\000e\000s\000\040\000m\000i\000e\000m\000b\000r\000o}{section.8.7}
\BOOKMARK [3][-]{subsubsection.8.7.2.1}{\376\377\000a\000p\000p\000e\000n\000d\000D\000a\000t\000a}{subsection.8.7.2}
\BOOKMARK [3][-]{subsubsection.8.7.2.2}{\376\377\000d\000e\000l\000e\000t\000e\000D\000a\000t\000a}{subsection.8.7.2}
\BOOKMARK [3][-]{subsubsection.8.7.2.3}{\376\377\000f\000i\000n\000d}{subsection.8.7.2}
\BOOKMARK [3][-]{subsubsection.8.7.2.4}{\376\377\000g\000e\000t\000N\000a\000m\000e}{subsection.8.7.2}
\BOOKMARK [3][-]{subsubsection.8.7.2.5}{\376\377\000g\000e\000t\000N\000a\000m\000e}{subsection.8.7.2}
\BOOKMARK [3][-]{subsubsection.8.7.2.6}{\376\377\000i\000n\000s\000e\000r\000t\000D\000a\000t\000a}{subsection.8.7.2}
\BOOKMARK [3][-]{subsubsection.8.7.2.7}{\376\377\000r\000e\000a\000d\000D\000a\000t\000a}{subsection.8.7.2}
\BOOKMARK [3][-]{subsubsection.8.7.2.8}{\376\377\000r\000e\000a\000d\000D\000a\000t\000a}{subsection.8.7.2}
\BOOKMARK [3][-]{subsubsection.8.7.2.9}{\376\377\000s\000e\000t\000R\000e\000a\000d\000P\000o\000s}{subsection.8.7.2}
\BOOKMARK [3][-]{subsubsection.8.7.2.10}{\376\377\000s\000e\000t\000W\000r\000i\000t\000e\000P\000o\000s}{subsection.8.7.2}
\BOOKMARK [3][-]{subsubsection.8.7.2.11}{\376\377\000w\000r\000i\000t\000e\000D\000a\000t\000a}{subsection.8.7.2}
\BOOKMARK [2][-]{subsection.8.7.3}{\376\377\000D\000o\000c\000u\000m\000e\000n\000t\000a\000c\000i\000\363\000n\000\040\000d\000e\000\040\000l\000o\000s\000\040\000d\000a\000t\000o\000s\000\040\000m\000i\000e\000m\000b\000r\000o}{section.8.7}
\BOOKMARK [3][-]{subsubsection.8.7.3.1}{\376\377\000m\000\137\000r\000e\000a\000d\000i\000n\000g}{subsection.8.7.3}
\BOOKMARK [1][-]{section.8.8}{\376\377\000R\000e\000f\000e\000r\000e\000n\000c\000i\000a\000\040\000d\000e\000\040\000l\000a\000\040\000C\000l\000a\000s\000e\000\040\000x\000s\000e\000n\000s\000:\000:\000C\000m\000t\0001\000s}{chapter.8}
\BOOKMARK [2][-]{subsection.8.8.1}{\376\377\000D\000e\000s\000c\000r\000i\000p\000c\000i\000\363\000n\000\040\000d\000e\000t\000a\000l\000l\000a\000d\000a}{section.8.8}
\BOOKMARK [2][-]{subsection.8.8.2}{\376\377\000D\000o\000c\000u\000m\000e\000n\000t\000a\000c\000i\000\363\000n\000\040\000d\000e\000\040\000l\000a\000s\000\040\000f\000u\000n\000c\000i\000o\000n\000e\000s\000\040\000m\000i\000e\000m\000b\000r\000o}{section.8.8}
\BOOKMARK [3][-]{subsubsection.8.8.2.1}{\376\377\000e\000s\000c\000a\000p\000e}{subsection.8.8.2}
\BOOKMARK [3][-]{subsubsection.8.8.2.2}{\376\377\000f\000l\000u\000s\000h\000D\000a\000t\000a}{subsection.8.8.2}
\BOOKMARK [3][-]{subsubsection.8.8.2.3}{\376\377\000o\000p\000e\000n}{subsection.8.8.2}
\BOOKMARK [3][-]{subsubsection.8.8.2.4}{\376\377\000r\000e\000a\000d\000D\000a\000t\000a}{subsection.8.8.2}
\BOOKMARK [3][-]{subsubsection.8.8.2.5}{\376\377\000s\000e\000t\000T\000i\000m\000e\000o\000u\000t}{subsection.8.8.2}
\BOOKMARK [3][-]{subsubsection.8.8.2.6}{\376\377\000w\000a\000i\000t\000F\000o\000r\000D\000a\000t\000a}{subsection.8.8.2}
\BOOKMARK [3][-]{subsubsection.8.8.2.7}{\376\377\000w\000r\000i\000t\000e\000D\000a\000t\000a}{subsection.8.8.2}
\BOOKMARK [2][-]{subsection.8.8.3}{\376\377\000D\000o\000c\000u\000m\000e\000n\000t\000a\000c\000i\000\363\000n\000\040\000d\000e\000\040\000l\000o\000s\000\040\000d\000a\000t\000o\000s\000\040\000m\000i\000e\000m\000b\000r\000o}{section.8.8}
\BOOKMARK [3][-]{subsubsection.8.8.3.1}{\376\377\000m\000\137\000t\000i\000m\000e\000o\000u\000t}{subsection.8.8.3}
\BOOKMARK [1][-]{section.8.9}{\376\377\000R\000e\000f\000e\000r\000e\000n\000c\000i\000a\000\040\000d\000e\000\040\000l\000a\000\040\000C\000l\000a\000s\000e\000\040\000x\000s\000e\000n\000s\000:\000:\000C\000m\000t\0002\000f}{chapter.8}
\BOOKMARK [2][-]{subsection.8.9.1}{\376\377\000D\000e\000s\000c\000r\000i\000p\000c\000i\000\363\000n\000\040\000d\000e\000t\000a\000l\000l\000a\000d\000a}{section.8.9}
\BOOKMARK [1][-]{section.8.10}{\376\377\000R\000e\000f\000e\000r\000e\000n\000c\000i\000a\000\040\000d\000e\000\040\000l\000a\000\040\000C\000l\000a\000s\000e\000\040\000x\000s\000e\000n\000s\000:\000:\000C\000m\000t\0002\000s}{chapter.8}
\BOOKMARK [2][-]{subsection.8.10.1}{\376\377\000D\000e\000s\000c\000r\000i\000p\000c\000i\000\363\000n\000\040\000d\000e\000t\000a\000l\000l\000a\000d\000a}{section.8.10}
\BOOKMARK [2][-]{subsection.8.10.2}{\376\377\000D\000o\000c\000u\000m\000e\000n\000t\000a\000c\000i\000\363\000n\000\040\000d\000e\000\040\000l\000a\000s\000\040\000f\000u\000n\000c\000i\000o\000n\000e\000s\000\040\000m\000i\000e\000m\000b\000r\000o}{section.8.10}
\BOOKMARK [3][-]{subsubsection.8.10.2.1}{\376\377\000g\000e\000t\000C\000m\000t\0001\000s}{subsection.8.10.2}
\BOOKMARK [3][-]{subsubsection.8.10.2.2}{\376\377\000r\000e\000a\000d\000M\000e\000s\000s\000a\000g\000e}{subsection.8.10.2}
\BOOKMARK [3][-]{subsubsection.8.10.2.3}{\376\377\000s\000e\000t\000T\000i\000m\000e\000o\000u\000t}{subsection.8.10.2}
\BOOKMARK [3][-]{subsubsection.8.10.2.4}{\376\377\000w\000a\000i\000t\000F\000o\000r\000M\000e\000s\000s\000a\000g\000e}{subsection.8.10.2}
\BOOKMARK [3][-]{subsubsection.8.10.2.5}{\376\377\000w\000r\000i\000t\000e\000M\000e\000s\000s\000a\000g\000e}{subsection.8.10.2}
\BOOKMARK [1][-]{section.8.11}{\376\377\000R\000e\000f\000e\000r\000e\000n\000c\000i\000a\000\040\000d\000e\000\040\000l\000a\000\040\000C\000l\000a\000s\000e\000\040\000x\000s\000e\000n\000s\000:\000:\000C\000m\000t\0003}{chapter.8}
\BOOKMARK [2][-]{subsection.8.11.1}{\376\377\000D\000e\000s\000c\000r\000i\000p\000c\000i\000\363\000n\000\040\000d\000e\000t\000a\000l\000l\000a\000d\000a}{section.8.11}
\BOOKMARK [2][-]{subsection.8.11.2}{\376\377\000D\000o\000c\000u\000m\000e\000n\000t\000a\000c\000i\000\363\000n\000\040\000d\000e\000\040\000l\000a\000s\000\040\000f\000u\000n\000c\000i\000o\000n\000e\000s\000\040\000m\000i\000e\000m\000b\000r\000o}{section.8.11}
\BOOKMARK [3][-]{subsubsection.8.11.2.1}{\376\377\000c\000l\000o\000s\000e\000L\000o\000g\000F\000i\000l\000e}{subsection.8.11.2}
\BOOKMARK [3][-]{subsubsection.8.11.2.2}{\376\377\000c\000l\000o\000s\000e\000P\000o\000r\000t}{subsection.8.11.2}
\BOOKMARK [3][-]{subsubsection.8.11.2.3}{\376\377\000c\000r\000e\000a\000t\000e\000L\000o\000g\000F\000i\000l\000e}{subsection.8.11.2}
\BOOKMARK [3][-]{subsubsection.8.11.2.4}{\376\377\000c\000r\000e\000a\000t\000e\000L\000o\000g\000F\000i\000l\000e}{subsection.8.11.2}
\BOOKMARK [3][-]{subsubsection.8.11.2.5}{\376\377\000g\000e\000t\000A\000v\000a\000i\000l\000a\000b\000l\000e\000S\000c\000e\000n\000a\000r\000i\000o\000s}{subsection.8.11.2}
\BOOKMARK [3][-]{subsubsection.8.11.2.6}{\376\377\000g\000e\000t\000B\000a\000t\000t\000e\000r\000y\000L\000e\000v\000e\000l}{subsection.8.11.2}
\BOOKMARK [3][-]{subsubsection.8.11.2.7}{\376\377\000g\000e\000t\000B\000a\000u\000d\000r\000a\000t\000e}{subsection.8.11.2}
\BOOKMARK [3][-]{subsubsection.8.11.2.8}{\376\377\000g\000e\000t\000B\000l\000u\000e\000t\000o\000o\000t\000h\000S\000t\000a\000t\000e}{subsection.8.11.2}
\BOOKMARK [3][-]{subsubsection.8.11.2.9}{\376\377\000g\000e\000t\000B\000u\000s\000I\000d}{subsection.8.11.2}
\BOOKMARK [3][-]{subsubsection.8.11.2.10}{\376\377\000g\000e\000t\000B\000u\000s\000I\000d\000I\000n\000t\000e\000r\000n\000a\000l}{subsection.8.11.2}
\BOOKMARK [3][-]{subsubsection.8.11.2.11}{\376\377\000g\000e\000t\000B\000u\000s\000P\000o\000w\000e\000r\000S\000t\000a\000t\000e}{subsection.8.11.2}
\BOOKMARK [3][-]{subsubsection.8.11.2.12}{\376\377\000g\000e\000t\000C\000m\000t\0002\000f}{subsection.8.11.2}
\BOOKMARK [3][-]{subsubsection.8.11.2.13}{\376\377\000g\000e\000t\000C\000m\000t\0002\000s}{subsection.8.11.2}
\BOOKMARK [3][-]{subsubsection.8.11.2.14}{\376\377\000g\000e\000t\000C\000o\000n\000f\000i\000g\000u\000r\000a\000t\000i\000o\000n}{subsection.8.11.2}
\BOOKMARK [3][-]{subsubsection.8.11.2.15}{\376\377\000g\000e\000t\000D\000a\000t\000a\000L\000e\000n\000g\000t\000h}{subsection.8.11.2}
\BOOKMARK [3][-]{subsubsection.8.11.2.16}{\376\377\000g\000e\000t\000D\000e\000v\000i\000c\000e\000C\000o\000u\000n\000t}{subsection.8.11.2}
\BOOKMARK [3][-]{subsubsection.8.11.2.17}{\376\377\000g\000e\000t\000D\000e\000v\000i\000c\000e\000I\000d}{subsection.8.11.2}
\BOOKMARK [3][-]{subsubsection.8.11.2.18}{\376\377\000g\000e\000t\000D\000e\000v\000i\000c\000e\000M\000o\000d\000e}{subsection.8.11.2}
\BOOKMARK [3][-]{subsubsection.8.11.2.19}{\376\377\000g\000e\000t\000D\000e\000v\000i\000c\000e\000M\000o\000d\000e\0002}{subsection.8.11.2}
\BOOKMARK [3][-]{subsubsection.8.11.2.20}{\376\377\000g\000e\000t\000E\000M\000t\000s\000D\000a\000t\000a}{subsection.8.11.2}
\BOOKMARK [3][-]{subsubsection.8.11.2.21}{\376\377\000g\000e\000t\000E\000r\000r\000o\000r\000M\000o\000d\000e}{subsection.8.11.2}
\BOOKMARK [3][-]{subsubsection.8.11.2.22}{\376\377\000g\000e\000t\000F\000i\000r\000m\000w\000a\000r\000e\000R\000e\000v\000i\000s\000i\000o\000n}{subsection.8.11.2}
\BOOKMARK [3][-]{subsubsection.8.11.2.23}{\376\377\000g\000e\000t\000G\000p\000s\000L\000e\000v\000e\000r\000A\000r\000m}{subsection.8.11.2}
\BOOKMARK [3][-]{subsubsection.8.11.2.24}{\376\377\000g\000e\000t\000G\000p\000s\000S\000t\000a\000t\000u\000s}{subsection.8.11.2}
\BOOKMARK [3][-]{subsubsection.8.11.2.25}{\376\377\000g\000e\000t\000G\000r\000a\000v\000i\000t\000y\000M\000a\000g\000n\000i\000t\000u\000d\000e}{subsection.8.11.2}
\BOOKMARK [3][-]{subsubsection.8.11.2.26}{\376\377\000g\000e\000t\000H\000e\000a\000d\000i\000n\000g}{subsection.8.11.2}
\BOOKMARK [3][-]{subsubsection.8.11.2.27}{\376\377\000g\000e\000t\000H\000w\000E\000r\000r\000o\000r}{subsection.8.11.2}
\BOOKMARK [3][-]{subsubsection.8.11.2.28}{\376\377\000g\000e\000t\000L\000a\000s\000t\000R\000e\000s\000u\000l\000t}{subsection.8.11.2}
\BOOKMARK [3][-]{subsubsection.8.11.2.29}{\376\377\000g\000e\000t\000L\000a\000t\000L\000o\000n\000A\000l\000t}{subsection.8.11.2}
\BOOKMARK [3][-]{subsubsection.8.11.2.30}{\376\377\000g\000e\000t\000L\000o\000c\000a\000t\000i\000o\000n\000I\000d}{subsection.8.11.2}
\BOOKMARK [3][-]{subsubsection.8.11.2.31}{\376\377\000g\000e\000t\000L\000o\000g\000F\000i\000l\000e\000R\000e\000a\000d\000P\000o\000s\000i\000t\000i\000o\000n}{subsection.8.11.2}
\BOOKMARK [3][-]{subsubsection.8.11.2.32}{\376\377\000g\000e\000t\000M\000a\000g\000n\000e\000t\000i\000c\000D\000e\000c\000l\000i\000n\000a\000t\000i\000o\000n}{subsection.8.11.2}
\BOOKMARK [3][-]{subsubsection.8.11.2.33}{\376\377\000g\000e\000t\000M\000t\000C\000o\000u\000n\000t}{subsection.8.11.2}
\BOOKMARK [3][-]{subsubsection.8.11.2.34}{\376\377\000g\000e\000t\000O\000b\000j\000e\000c\000t\000A\000l\000i\000g\000n\000m\000e\000n\000t\000M\000a\000t\000r\000i\000x}{subsection.8.11.2}
\BOOKMARK [3][-]{subsubsection.8.11.2.35}{\376\377\000g\000e\000t\000P\000o\000r\000t\000N\000r}{subsection.8.11.2}
\BOOKMARK [3][-]{subsubsection.8.11.2.36}{\376\377\000g\000e\000t\000P\000r\000o\000c\000e\000s\000s\000i\000n\000g\000F\000l\000a\000g\000s}{subsection.8.11.2}
\BOOKMARK [3][-]{subsubsection.8.11.2.37}{\376\377\000g\000e\000t\000P\000r\000o\000d\000u\000c\000t\000C\000o\000d\000e}{subsection.8.11.2}
\BOOKMARK [3][-]{subsubsection.8.11.2.38}{\376\377\000g\000e\000t\000S\000a\000m\000p\000l\000e\000F\000r\000e\000q\000u\000e\000n\000c\000y}{subsection.8.11.2}
\BOOKMARK [3][-]{subsubsection.8.11.2.39}{\376\377\000g\000e\000t\000S\000c\000e\000n\000a\000r\000i\000o}{subsection.8.11.2}
\BOOKMARK [3][-]{subsubsection.8.11.2.40}{\376\377\000g\000e\000t\000S\000e\000r\000i\000a\000l\000B\000a\000u\000d\000r\000a\000t\000e}{subsection.8.11.2}
\BOOKMARK [3][-]{subsubsection.8.11.2.41}{\376\377\000g\000e\000t\000S\000y\000n\000c\000I\000n\000M\000o\000d\000e}{subsection.8.11.2}
\BOOKMARK [3][-]{subsubsection.8.11.2.42}{\376\377\000g\000e\000t\000S\000y\000n\000c\000I\000n\000O\000f\000f\000s\000e\000t}{subsection.8.11.2}
\BOOKMARK [3][-]{subsubsection.8.11.2.43}{\376\377\000g\000e\000t\000S\000y\000n\000c\000I\000n\000S\000e\000t\000t\000i\000n\000g\000s}{subsection.8.11.2}
\BOOKMARK [3][-]{subsubsection.8.11.2.44}{\376\377\000g\000e\000t\000S\000y\000n\000c\000I\000n\000S\000k\000i\000p\000F\000a\000c\000t\000o\000r}{subsection.8.11.2}
\BOOKMARK [3][-]{subsubsection.8.11.2.45}{\376\377\000g\000e\000t\000S\000y\000n\000c\000M\000o\000d\000e}{subsection.8.11.2}
\BOOKMARK [3][-]{subsubsection.8.11.2.46}{\376\377\000g\000e\000t\000S\000y\000n\000c\000O\000u\000t\000M\000o\000d\000e}{subsection.8.11.2}
\BOOKMARK [3][-]{subsubsection.8.11.2.47}{\376\377\000g\000e\000t\000S\000y\000n\000c\000O\000u\000t\000O\000f\000f\000s\000e\000t}{subsection.8.11.2}
\BOOKMARK [3][-]{subsubsection.8.11.2.48}{\376\377\000g\000e\000t\000S\000y\000n\000c\000O\000u\000t\000P\000u\000l\000s\000e\000W\000i\000d\000t\000h}{subsection.8.11.2}
\BOOKMARK [3][-]{subsubsection.8.11.2.49}{\376\377\000g\000e\000t\000S\000y\000n\000c\000O\000u\000t\000S\000e\000t\000t\000i\000n\000g\000s}{subsection.8.11.2}
\BOOKMARK [3][-]{subsubsection.8.11.2.50}{\376\377\000g\000e\000t\000S\000y\000n\000c\000O\000u\000t\000S\000k\000i\000p\000F\000a\000c\000t\000o\000r}{subsection.8.11.2}
\BOOKMARK [3][-]{subsubsection.8.11.2.51}{\376\377\000g\000e\000t\000T\000i\000m\000e\000o\000u\000t\000C\000o\000n\000f\000i\000g}{subsection.8.11.2}
\BOOKMARK [3][-]{subsubsection.8.11.2.52}{\376\377\000g\000e\000t\000T\000i\000m\000e\000o\000u\000t\000M\000e\000a\000s\000u\000r\000e\000m\000e\000n\000t}{subsection.8.11.2}
\BOOKMARK [3][-]{subsubsection.8.11.2.53}{\376\377\000g\000e\000t\000T\000r\000a\000n\000s\000m\000i\000s\000s\000i\000o\000n\000D\000e\000l\000a\000y}{subsection.8.11.2}
\BOOKMARK [3][-]{subsubsection.8.11.2.54}{\376\377\000g\000e\000t\000U\000t\000c\000T\000i\000m\000e}{subsection.8.11.2}
\BOOKMARK [3][-]{subsubsection.8.11.2.55}{\376\377\000g\000e\000t\000X\000m\000O\000u\000t\000p\000u\000t\000M\000o\000d\000e}{subsection.8.11.2}
\BOOKMARK [3][-]{subsubsection.8.11.2.56}{\376\377\000g\000o\000t\000o\000C\000o\000n\000f\000i\000g}{subsection.8.11.2}
\BOOKMARK [3][-]{subsubsection.8.11.2.57}{\376\377\000g\000o\000t\000o\000M\000e\000a\000s\000u\000r\000e\000m\000e\000n\000t}{subsection.8.11.2}
\BOOKMARK [3][-]{subsubsection.8.11.2.58}{\376\377\000i\000n\000i\000t\000B\000u\000s}{subsection.8.11.2}
\BOOKMARK [3][-]{subsubsection.8.11.2.59}{\376\377\000i\000s\000L\000o\000g\000F\000i\000l\000e\000O\000p\000e\000n}{subsection.8.11.2}
\BOOKMARK [3][-]{subsubsection.8.11.2.60}{\376\377\000i\000s\000L\000o\000g\000F\000i\000l\000e\000O\000p\000e\000n}{subsection.8.11.2}
\BOOKMARK [3][-]{subsubsection.8.11.2.61}{\376\377\000i\000s\000L\000o\000g\000g\000i\000n\000g}{subsection.8.11.2}
\BOOKMARK [3][-]{subsubsection.8.11.2.62}{\376\377\000i\000s\000P\000o\000r\000t\000O\000p\000e\000n}{subsection.8.11.2}
\BOOKMARK [3][-]{subsubsection.8.11.2.63}{\376\377\000i\000s\000R\000e\000a\000d\000i\000n\000g\000F\000r\000o\000m\000F\000i\000l\000e}{subsection.8.11.2}
\BOOKMARK [3][-]{subsubsection.8.11.2.64}{\376\377\000o\000p\000e\000n\000L\000o\000g\000F\000i\000l\000e}{subsection.8.11.2}
\BOOKMARK [3][-]{subsubsection.8.11.2.65}{\376\377\000o\000p\000e\000n\000L\000o\000g\000F\000i\000l\000e}{subsection.8.11.2}
\BOOKMARK [3][-]{subsubsection.8.11.2.66}{\376\377\000p\000e\000e\000k\000L\000o\000g\000M\000e\000s\000s\000a\000g\000e\000I\000d}{subsection.8.11.2}
\BOOKMARK [3][-]{subsubsection.8.11.2.67}{\376\377\000r\000e\000a\000d\000D\000a\000t\000a\000P\000a\000c\000k\000e\000t}{subsection.8.11.2}
\BOOKMARK [3][-]{subsubsection.8.11.2.68}{\376\377\000r\000e\000f\000r\000e\000s\000h\000C\000a\000c\000h\000e}{subsection.8.11.2}
\BOOKMARK [3][-]{subsubsection.8.11.2.69}{\376\377\000r\000e\000s\000e\000t}{subsection.8.11.2}
\BOOKMARK [3][-]{subsubsection.8.11.2.70}{\376\377\000r\000e\000s\000e\000t\000L\000o\000g\000F\000i\000l\000e\000R\000e\000a\000d\000P\000o\000s}{subsection.8.11.2}
\BOOKMARK [3][-]{subsubsection.8.11.2.71}{\376\377\000r\000e\000s\000e\000t\000O\000r\000i\000e\000n\000t\000a\000t\000i\000o\000n}{subsection.8.11.2}
\BOOKMARK [3][-]{subsubsection.8.11.2.72}{\376\377\000r\000e\000s\000t\000o\000r\000e\000F\000a\000c\000t\000o\000r\000y\000D\000e\000f\000a\000u\000l\000t\000s}{subsection.8.11.2}
\BOOKMARK [3][-]{subsubsection.8.11.2.73}{\376\377\000s\000e\000t\000B\000a\000u\000d\000r\000a\000t\000e}{subsection.8.11.2}
\BOOKMARK [3][-]{subsubsection.8.11.2.74}{\376\377\000s\000e\000t\000B\000l\000u\000e\000t\000o\000o\000t\000h\000S\000t\000a\000t\000e}{subsection.8.11.2}
\BOOKMARK [3][-]{subsubsection.8.11.2.75}{\376\377\000s\000e\000t\000B\000u\000s\000P\000o\000w\000e\000r\000S\000t\000a\000t\000e}{subsection.8.11.2}
\BOOKMARK [3][-]{subsubsection.8.11.2.76}{\376\377\000s\000e\000t\000D\000a\000t\000a\000S\000o\000u\000r\000c\000e}{subsection.8.11.2}
\BOOKMARK [3][-]{subsubsection.8.11.2.77}{\376\377\000s\000e\000t\000D\000e\000v\000i\000c\000e\000M\000o\000d\000e}{subsection.8.11.2}
\BOOKMARK [3][-]{subsubsection.8.11.2.78}{\376\377\000s\000e\000t\000D\000e\000v\000i\000c\000e\000M\000o\000d\000e\0002}{subsection.8.11.2}
\BOOKMARK [3][-]{subsubsection.8.11.2.79}{\376\377\000s\000e\000t\000E\000r\000r\000o\000r\000M\000o\000d\000e}{subsection.8.11.2}
\BOOKMARK [3][-]{subsubsection.8.11.2.80}{\376\377\000s\000e\000t\000G\000o\000t\000o\000C\000o\000n\000f\000i\000g\000T\000r\000i\000e\000s}{subsection.8.11.2}
\BOOKMARK [3][-]{subsubsection.8.11.2.81}{\376\377\000s\000e\000t\000G\000p\000s\000L\000e\000v\000e\000r\000A\000r\000m}{subsection.8.11.2}
\BOOKMARK [3][-]{subsubsection.8.11.2.82}{\376\377\000s\000e\000t\000G\000r\000a\000v\000i\000t\000y\000M\000a\000g\000n\000i\000t\000u\000d\000e}{subsection.8.11.2}
\BOOKMARK [3][-]{subsubsection.8.11.2.83}{\376\377\000s\000e\000t\000H\000e\000a\000d\000i\000n\000g}{subsection.8.11.2}
\BOOKMARK [3][-]{subsubsection.8.11.2.84}{\376\377\000s\000e\000t\000L\000a\000t\000L\000o\000n\000A\000l\000t}{subsection.8.11.2}
\BOOKMARK [3][-]{subsubsection.8.11.2.85}{\376\377\000s\000e\000t\000L\000o\000c\000a\000t\000i\000o\000n\000I\000d}{subsection.8.11.2}
\BOOKMARK [3][-]{subsubsection.8.11.2.86}{\376\377\000s\000e\000t\000L\000o\000g\000M\000o\000d\000e}{subsection.8.11.2}
\BOOKMARK [3][-]{subsubsection.8.11.2.87}{\376\377\000s\000e\000t\000M\000a\000g\000n\000e\000t\000i\000c\000D\000e\000c\000l\000i\000n\000a\000t\000i\000o\000n}{subsection.8.11.2}
\BOOKMARK [3][-]{subsubsection.8.11.2.88}{\376\377\000s\000e\000t\000N\000o\000R\000o\000t\000a\000t\000i\000o\000n}{subsection.8.11.2}
\BOOKMARK [3][-]{subsubsection.8.11.2.89}{\376\377\000s\000e\000t\000O\000b\000j\000e\000c\000t\000A\000l\000i\000g\000n\000m\000e\000n\000t\000M\000a\000t\000r\000i\000x}{subsection.8.11.2}
\BOOKMARK [3][-]{subsubsection.8.11.2.90}{\376\377\000s\000e\000t\000P\000r\000o\000c\000e\000s\000s\000i\000n\000g\000F\000l\000a\000g\000s}{subsection.8.11.2}
\BOOKMARK [3][-]{subsubsection.8.11.2.91}{\376\377\000s\000e\000t\000S\000c\000e\000n\000a\000r\000i\000o}{subsection.8.11.2}
\BOOKMARK [3][-]{subsubsection.8.11.2.92}{\376\377\000s\000e\000t\000S\000y\000n\000c\000I\000n\000M\000o\000d\000e}{subsection.8.11.2}
\BOOKMARK [3][-]{subsubsection.8.11.2.93}{\376\377\000s\000e\000t\000S\000y\000n\000c\000I\000n\000O\000f\000f\000s\000e\000t}{subsection.8.11.2}
\BOOKMARK [3][-]{subsubsection.8.11.2.94}{\376\377\000s\000e\000t\000S\000y\000n\000c\000I\000n\000S\000e\000t\000t\000i\000n\000g\000s}{subsection.8.11.2}
\BOOKMARK [3][-]{subsubsection.8.11.2.95}{\376\377\000s\000e\000t\000S\000y\000n\000c\000I\000n\000S\000k\000i\000p\000F\000a\000c\000t\000o\000r}{subsection.8.11.2}
\BOOKMARK [3][-]{subsubsection.8.11.2.96}{\376\377\000s\000e\000t\000S\000y\000n\000c\000M\000o\000d\000e}{subsection.8.11.2}
\BOOKMARK [3][-]{subsubsection.8.11.2.97}{\376\377\000s\000e\000t\000S\000y\000n\000c\000O\000u\000t\000M\000o\000d\000e}{subsection.8.11.2}
\BOOKMARK [3][-]{subsubsection.8.11.2.98}{\376\377\000s\000e\000t\000S\000y\000n\000c\000O\000u\000t\000O\000f\000f\000s\000e\000t}{subsection.8.11.2}
\BOOKMARK [3][-]{subsubsection.8.11.2.99}{\376\377\000s\000e\000t\000S\000y\000n\000c\000O\000u\000t\000P\000u\000l\000s\000e\000W\000i\000d\000t\000h}{subsection.8.11.2}
\BOOKMARK [3][-]{subsubsection.8.11.2.100}{\376\377\000s\000e\000t\000S\000y\000n\000c\000O\000u\000t\000S\000e\000t\000t\000i\000n\000g\000s}{subsection.8.11.2}
\BOOKMARK [3][-]{subsubsection.8.11.2.101}{\376\377\000s\000e\000t\000S\000y\000n\000c\000O\000u\000t\000S\000k\000i\000p\000F\000a\000c\000t\000o\000r}{subsection.8.11.2}
\BOOKMARK [3][-]{subsubsection.8.11.2.102}{\376\377\000s\000e\000t\000T\000i\000m\000e\000o\000u\000t\000C\000o\000n\000f\000i\000g}{subsection.8.11.2}
\BOOKMARK [3][-]{subsubsection.8.11.2.103}{\376\377\000s\000e\000t\000T\000i\000m\000e\000o\000u\000t\000M\000e\000a\000s\000u\000r\000e\000m\000e\000n\000t}{subsection.8.11.2}
\BOOKMARK [3][-]{subsubsection.8.11.2.104}{\376\377\000s\000e\000t\000T\000r\000a\000n\000s\000m\000i\000s\000s\000i\000o\000n\000D\000e\000l\000a\000y}{subsection.8.11.2}
\BOOKMARK [3][-]{subsubsection.8.11.2.105}{\376\377\000s\000e\000t\000X\000m\000O\000u\000t\000p\000u\000t\000M\000o\000d\000e}{subsection.8.11.2}
\BOOKMARK [3][-]{subsubsection.8.11.2.106}{\376\377\000s\000e\000t\000X\000m\000P\000o\000w\000e\000r\000O\000f\000f}{subsection.8.11.2}
\BOOKMARK [3][-]{subsubsection.8.11.2.107}{\376\377\000s\000t\000o\000r\000e\000X\000k\000f\000S\000t\000a\000t\000e}{subsection.8.11.2}
\BOOKMARK [3][-]{subsubsection.8.11.2.108}{\376\377\000w\000a\000i\000t\000F\000o\000r\000D\000a\000t\000a\000M\000e\000s\000s\000a\000g\000e}{subsection.8.11.2}
\BOOKMARK [1][-]{section.8.12}{\376\377\000R\000e\000f\000e\000r\000e\000n\000c\000i\000a\000\040\000d\000e\000\040\000l\000a\000\040\000E\000s\000t\000r\000u\000c\000t\000u\000r\000a\000\040\000C\000m\000t\000A\000n\000a\000l\000o\000g\000I\000n\000D\000a\000t\000a}{chapter.8}
\BOOKMARK [1][-]{section.8.13}{\376\377\000R\000e\000f\000e\000r\000e\000n\000c\000i\000a\000\040\000d\000e\000\040\000l\000a\000\040\000E\000s\000t\000r\000u\000c\000t\000u\000r\000a\000\040\000C\000m\000t\000B\000i\000n\000a\000r\000y\000D\000a\000t\000a}{chapter.8}
\BOOKMARK [1][-]{section.8.14}{\376\377\000R\000e\000f\000e\000r\000e\000n\000c\000i\000a\000\040\000d\000e\000\040\000l\000a\000\040\000E\000s\000t\000r\000u\000c\000t\000u\000r\000a\000\040\000C\000m\000t\000C\000a\000l\000D\000a\000t\000a}{chapter.8}
\BOOKMARK [1][-]{section.8.15}{\376\377\000R\000e\000f\000e\000r\000e\000n\000c\000i\000a\000\040\000d\000e\000\040\000l\000a\000\040\000E\000s\000t\000r\000u\000c\000t\000u\000r\000a\000\040\000C\000m\000t\000D\000a\000t\000a\000F\000o\000r\000m\000a\000t}{chapter.8}
\BOOKMARK [2][-]{subsection.8.15.1}{\376\377\000D\000e\000s\000c\000r\000i\000p\000c\000i\000\363\000n\000\040\000d\000e\000t\000a\000l\000l\000a\000d\000a}{section.8.15}
\BOOKMARK [1][-]{section.8.16}{\376\377\000R\000e\000f\000e\000r\000e\000n\000c\000i\000a\000\040\000d\000e\000\040\000l\000a\000\040\000E\000s\000t\000r\000u\000c\000t\000u\000r\000a\000\040\000C\000m\000t\000D\000e\000v\000i\000c\000e\000C\000o\000n\000f\000i\000g\000u\000r\000a\000t\000i\000o\000n}{chapter.8}
\BOOKMARK [2][-]{subsection.8.16.1}{\376\377\000D\000e\000s\000c\000r\000i\000p\000c\000i\000\363\000n\000\040\000d\000e\000t\000a\000l\000l\000a\000d\000a}{section.8.16}
\BOOKMARK [1][-]{section.8.17}{\376\377\000R\000e\000f\000e\000r\000e\000n\000c\000i\000a\000\040\000d\000e\000\040\000l\000a\000\040\000E\000s\000t\000r\000u\000c\000t\000u\000r\000a\000\040\000C\000m\000t\000D\000e\000v\000i\000c\000e\000M\000o\000d\000e}{chapter.8}
\BOOKMARK [2][-]{subsection.8.17.1}{\376\377\000D\000e\000s\000c\000r\000i\000p\000c\000i\000\363\000n\000\040\000d\000e\000t\000a\000l\000l\000a\000d\000a}{section.8.17}
\BOOKMARK [2][-]{subsection.8.17.2}{\376\377\000D\000o\000c\000u\000m\000e\000n\000t\000a\000c\000i\000\363\000n\000\040\000d\000e\000\040\000l\000a\000s\000\040\000f\000u\000n\000c\000i\000o\000n\000e\000s\000\040\000m\000i\000e\000m\000b\000r\000o}{section.8.17}
\BOOKMARK [3][-]{subsubsection.8.17.2.1}{\376\377\000g\000e\000t\000P\000e\000r\000i\000o\000d\000A\000n\000d\000S\000k\000i\000p\000F\000a\000c\000t\000o\000r}{subsection.8.17.2}
\BOOKMARK [3][-]{subsubsection.8.17.2.2}{\376\377\000g\000e\000t\000R\000e\000a\000l\000S\000a\000m\000p\000l\000e\000F\000r\000e\000q\000u\000e\000n\000c\000y}{subsection.8.17.2}
\BOOKMARK [3][-]{subsubsection.8.17.2.3}{\376\377\000s\000e\000t\000P\000e\000r\000i\000o\000d\000A\000n\000d\000S\000k\000i\000p\000F\000a\000c\000t\000o\000r}{subsection.8.17.2}
\BOOKMARK [1][-]{section.8.18}{\376\377\000R\000e\000f\000e\000r\000e\000n\000c\000i\000a\000\040\000d\000e\000\040\000l\000a\000\040\000E\000s\000t\000r\000u\000c\000t\000u\000r\000a\000\040\000C\000m\000t\000D\000e\000v\000i\000c\000e\000M\000o\000d\000e\0002}{chapter.8}
\BOOKMARK [2][-]{subsection.8.18.1}{\376\377\000D\000e\000s\000c\000r\000i\000p\000c\000i\000\363\000n\000\040\000d\000e\000t\000a\000l\000l\000a\000d\000a}{section.8.18}
\BOOKMARK [2][-]{subsection.8.18.2}{\376\377\000D\000o\000c\000u\000m\000e\000n\000t\000a\000c\000i\000\363\000n\000\040\000d\000e\000\040\000l\000a\000s\000\040\000f\000u\000n\000c\000i\000o\000n\000e\000s\000\040\000m\000i\000e\000m\000b\000r\000o}{section.8.18}
\BOOKMARK [3][-]{subsubsection.8.18.2.1}{\376\377\000g\000e\000t\000R\000e\000a\000l\000S\000a\000m\000p\000l\000e\000F\000r\000e\000q\000u\000e\000n\000c\000y}{subsection.8.18.2}
\BOOKMARK [3][-]{subsubsection.8.18.2.2}{\376\377\000g\000e\000t\000S\000a\000m\000p\000l\000e\000F\000r\000e\000q\000u\000e\000n\000c\000y}{subsection.8.18.2}
\BOOKMARK [3][-]{subsubsection.8.18.2.3}{\376\377\000s\000e\000t\000S\000a\000m\000p\000l\000e\000F\000r\000e\000q\000u\000e\000n\000c\000y}{subsection.8.18.2}
\BOOKMARK [1][-]{section.8.19}{\376\377\000R\000e\000f\000e\000r\000e\000n\000c\000i\000a\000\040\000d\000e\000\040\000l\000a\000\040\000E\000s\000t\000r\000u\000c\000t\000u\000r\000a\000\040\000C\000m\000t\000E\000u\000l\000e\000r}{chapter.8}
\BOOKMARK [1][-]{section.8.20}{\376\377\000R\000e\000f\000e\000r\000e\000n\000c\000i\000a\000\040\000d\000e\000\040\000l\000a\000\040\000E\000s\000t\000r\000u\000c\000t\000u\000r\000a\000\040\000C\000m\000t\000G\000p\000s\000P\000v\000t\000D\000a\000t\000a}{chapter.8}
\BOOKMARK [1][-]{section.8.21}{\376\377\000R\000e\000f\000e\000r\000e\000n\000c\000i\000a\000\040\000d\000e\000\040\000l\000a\000\040\000E\000s\000t\000r\000u\000c\000t\000u\000r\000a\000\040\000C\000m\000t\000G\000p\000s\000S\000a\000t\000e\000l\000l\000i\000t\000e\000I\000n\000f\000o}{chapter.8}
\BOOKMARK [1][-]{section.8.22}{\376\377\000R\000e\000f\000e\000r\000e\000n\000c\000i\000a\000\040\000d\000e\000\040\000l\000a\000\040\000E\000s\000t\000r\000u\000c\000t\000u\000r\000a\000\040\000C\000m\000t\000G\000p\000s\000S\000t\000a\000t\000u\000s}{chapter.8}
\BOOKMARK [1][-]{section.8.23}{\376\377\000R\000e\000f\000e\000r\000e\000n\000c\000i\000a\000\040\000d\000e\000\040\000l\000a\000\040\000E\000s\000t\000r\000u\000c\000t\000u\000r\000a\000\040\000C\000m\000t\000M\000a\000t\000r\000i\000x}{chapter.8}
\BOOKMARK [1][-]{section.8.24}{\376\377\000R\000e\000f\000e\000r\000e\000n\000c\000i\000a\000\040\000d\000e\000\040\000l\000a\000\040\000E\000s\000t\000r\000u\000c\000t\000u\000r\000a\000\040\000C\000m\000t\000P\000o\000r\000t\000I\000n\000f\000o}{chapter.8}
\BOOKMARK [2][-]{subsection.8.24.1}{\376\377\000D\000e\000s\000c\000r\000i\000p\000c\000i\000\363\000n\000\040\000d\000e\000t\000a\000l\000l\000a\000d\000a}{section.8.24}
\BOOKMARK [1][-]{section.8.25}{\376\377\000R\000e\000f\000e\000r\000e\000n\000c\000i\000a\000\040\000d\000e\000\040\000l\000a\000\040\000E\000s\000t\000r\000u\000c\000t\000u\000r\000a\000\040\000C\000m\000t\000Q\000u\000a\000t}{chapter.8}
\BOOKMARK [1][-]{section.8.26}{\376\377\000R\000e\000f\000e\000r\000e\000n\000c\000i\000a\000\040\000d\000e\000\040\000l\000a\000\040\000E\000s\000t\000r\000u\000c\000t\000u\000r\000a\000\040\000C\000m\000t\000R\000a\000w\000D\000a\000t\000a}{chapter.8}
\BOOKMARK [1][-]{section.8.27}{\376\377\000R\000e\000f\000e\000r\000e\000n\000c\000i\000a\000\040\000d\000e\000\040\000l\000a\000\040\000E\000s\000t\000r\000u\000c\000t\000u\000r\000a\000\040\000C\000m\000t\000R\000a\000w\000P\000r\000e\000s\000s\000u\000r\000e\000D\000a\000t\000a}{chapter.8}
\BOOKMARK [1][-]{section.8.28}{\376\377\000R\000e\000f\000e\000r\000e\000n\000c\000i\000a\000\040\000d\000e\000\040\000l\000a\000\040\000E\000s\000t\000r\000u\000c\000t\000u\000r\000a\000\040\000C\000m\000t\000S\000c\000e\000n\000a\000r\000i\000o}{chapter.8}
\BOOKMARK [2][-]{subsection.8.28.1}{\376\377\000D\000e\000s\000c\000r\000i\000p\000c\000i\000\363\000n\000\040\000d\000e\000t\000a\000l\000l\000a\000d\000a}{section.8.28}
\BOOKMARK [2][-]{subsection.8.28.2}{\376\377\000D\000o\000c\000u\000m\000e\000n\000t\000a\000c\000i\000\363\000n\000\040\000d\000e\000\040\000l\000o\000s\000\040\000d\000a\000t\000o\000s\000\040\000m\000i\000e\000m\000b\000r\000o}{section.8.28}
\BOOKMARK [3][-]{subsubsection.8.28.2.1}{\376\377\000m\000\137\000f\000i\000l\000t\000e\000r\000T\000y\000p\000e}{subsection.8.28.2}
\BOOKMARK [1][-]{section.8.29}{\376\377\000R\000e\000f\000e\000r\000e\000n\000c\000i\000a\000\040\000d\000e\000\040\000l\000a\000\040\000E\000s\000t\000r\000u\000c\000t\000u\000r\000a\000\040\000C\000m\000t\000S\000h\000o\000r\000t\000V\000e\000c\000t\000o\000r}{chapter.8}
\BOOKMARK [1][-]{section.8.30}{\376\377\000R\000e\000f\000e\000r\000e\000n\000c\000i\000a\000\040\000d\000e\000\040\000l\000a\000\040\000E\000s\000t\000r\000u\000c\000t\000u\000r\000a\000\040\000C\000m\000t\000S\000y\000n\000c\000I\000n\000S\000e\000t\000t\000i\000n\000g\000s}{chapter.8}
\BOOKMARK [2][-]{subsection.8.30.1}{\376\377\000D\000e\000s\000c\000r\000i\000p\000c\000i\000\363\000n\000\040\000d\000e\000t\000a\000l\000l\000a\000d\000a}{section.8.30}
\BOOKMARK [1][-]{section.8.31}{\376\377\000R\000e\000f\000e\000r\000e\000n\000c\000i\000a\000\040\000d\000e\000\040\000l\000a\000\040\000E\000s\000t\000r\000u\000c\000t\000u\000r\000a\000\040\000C\000m\000t\000S\000y\000n\000c\000O\000u\000t\000S\000e\000t\000t\000i\000n\000g\000s}{chapter.8}
\BOOKMARK [2][-]{subsection.8.31.1}{\376\377\000D\000e\000s\000c\000r\000i\000p\000c\000i\000\363\000n\000\040\000d\000e\000t\000a\000l\000l\000a\000d\000a}{section.8.31}
\BOOKMARK [1][-]{section.8.32}{\376\377\000R\000e\000f\000e\000r\000e\000n\000c\000i\000a\000\040\000d\000e\000\040\000l\000a\000\040\000E\000s\000t\000r\000u\000c\000t\000u\000r\000a\000\040\000C\000m\000t\000U\000t\000c\000T\000i\000m\000e}{chapter.8}
\BOOKMARK [2][-]{subsection.8.32.1}{\376\377\000D\000e\000s\000c\000r\000i\000p\000c\000i\000\363\000n\000\040\000d\000e\000t\000a\000l\000l\000a\000d\000a}{section.8.32}
\BOOKMARK [1][-]{section.8.33}{\376\377\000R\000e\000f\000e\000r\000e\000n\000c\000i\000a\000\040\000d\000e\000\040\000l\000a\000\040\000E\000s\000t\000r\000u\000c\000t\000u\000r\000a\000\040\000C\000m\000t\000V\000e\000c\000t\000o\000r}{chapter.8}
\BOOKMARK [1][-]{section.8.34}{\376\377\000R\000e\000f\000e\000r\000e\000n\000c\000i\000a\000\040\000d\000e\000\040\000l\000a\000\040\000E\000s\000t\000r\000u\000c\000t\000u\000r\000a\000\040\000C\000m\000t\000V\000e\000r\000s\000i\000o\000n}{chapter.8}
\BOOKMARK [2][-]{subsection.8.34.1}{\376\377\000D\000e\000s\000c\000r\000i\000p\000c\000i\000\363\000n\000\040\000d\000e\000t\000a\000l\000l\000a\000d\000a}{section.8.34}
\BOOKMARK [1][-]{section.8.35}{\376\377\000R\000e\000f\000e\000r\000e\000n\000c\000i\000a\000\040\000d\000e\000\040\000l\000a\000\040\000C\000l\000a\000s\000e\000\040\000x\000s\000e\000n\000s\000:\000:\000D\000r\000i\000v\000e\000r}{chapter.8}
\BOOKMARK [1][-]{section.8.36}{\376\377\000R\000e\000f\000e\000r\000e\000n\000c\000i\000a\000\040\000d\000e\000\040\000l\000a\000\040\000C\000l\000a\000s\000e\000\040\000x\000s\000e\000n\000s\000:\000:\000E\000x\000c\000e\000p\000t\000i\000o\000n}{chapter.8}
\BOOKMARK [1][-]{section.8.37}{\376\377\000R\000e\000f\000e\000r\000e\000n\000c\000i\000a\000\040\000d\000e\000\040\000l\000a\000\040\000p\000l\000a\000n\000t\000i\000l\000l\000a\000\040\000d\000e\000\040\000l\000a\000\040\000C\000l\000a\000s\000e\000\040\000x\000s\000e\000n\000s\000:\000:\000F\000i\000f\000o\000Q\000u\000e\000u\000e\000<\000\040\000T\000,\000\040\000E\000\040\000>}{chapter.8}
\BOOKMARK [2][-]{subsection.8.37.1}{\376\377\000D\000e\000s\000c\000r\000i\000p\000c\000i\000\363\000n\000\040\000d\000e\000t\000a\000l\000l\000a\000d\000a}{section.8.37}
\BOOKMARK [1][-]{section.8.38}{\376\377\000R\000e\000f\000e\000r\000e\000n\000c\000i\000a\000\040\000d\000e\000\040\000l\000a\000\040\000p\000l\000a\000n\000t\000i\000l\000l\000a\000\040\000d\000e\000\040\000l\000a\000\040\000C\000l\000a\000s\000e\000\040\000x\000s\000e\000n\000s\000:\000:\000F\000i\000f\000o\000Q\000u\000e\000u\000e\000B\000a\000s\000i\000c\000<\000\040\000T\000\040\000>}{chapter.8}
\BOOKMARK [2][-]{subsection.8.38.1}{\376\377\000D\000e\000s\000c\000r\000i\000p\000c\000i\000\363\000n\000\040\000d\000e\000t\000a\000l\000l\000a\000d\000a}{section.8.38}
\BOOKMARK [1][-]{section.8.39}{\376\377\000R\000e\000f\000e\000r\000e\000n\000c\000i\000a\000\040\000d\000e\000\040\000l\000a\000\040\000p\000l\000a\000n\000t\000i\000l\000l\000a\000\040\000d\000e\000\040\000l\000a\000\040\000C\000l\000a\000s\000e\000\040\000x\000s\000e\000n\000s\000:\000:\000J\000a\000n\000i\000t\000o\000r\000C\000l\000a\000s\000s\000F\000u\000n\000c\000<\000\040\000T\000,\000\040\000R\000\040\000>}{chapter.8}
\BOOKMARK [2][-]{subsection.8.39.1}{\376\377\000D\000e\000s\000c\000r\000i\000p\000c\000i\000\363\000n\000\040\000d\000e\000t\000a\000l\000l\000a\000d\000a}{section.8.39}
\BOOKMARK [1][-]{section.8.40}{\376\377\000R\000e\000f\000e\000r\000e\000n\000c\000i\000a\000\040\000d\000e\000\040\000l\000a\000\040\000p\000l\000a\000n\000t\000i\000l\000l\000a\000\040\000d\000e\000\040\000l\000a\000\040\000C\000l\000a\000s\000e\000\040\000x\000s\000e\000n\000s\000:\000:\000J\000a\000n\000i\000t\000o\000r\000C\000l\000a\000s\000s\000F\000u\000n\000c\000P\0001\000<\000\040\000T\000,\000\040\000P\0001\000,\000\040\000R\000\040\000>}{chapter.8}
\BOOKMARK [2][-]{subsection.8.40.1}{\376\377\000D\000e\000s\000c\000r\000i\000p\000c\000i\000\363\000n\000\040\000d\000e\000t\000a\000l\000l\000a\000d\000a}{section.8.40}
\BOOKMARK [1][-]{section.8.41}{\376\377\000R\000e\000f\000e\000r\000e\000n\000c\000i\000a\000\040\000d\000e\000\040\000l\000a\000\040\000p\000l\000a\000n\000t\000i\000l\000l\000a\000\040\000d\000e\000\040\000l\000a\000\040\000C\000l\000a\000s\000e\000\040\000x\000s\000e\000n\000s\000:\000:\000L\000i\000s\000t\000<\000\040\000T\000\040\000>}{chapter.8}
\BOOKMARK [2][-]{subsection.8.41.1}{\376\377\000D\000e\000s\000c\000r\000i\000p\000c\000i\000\363\000n\000\040\000d\000e\000t\000a\000l\000l\000a\000d\000a}{section.8.41}
\BOOKMARK [2][-]{subsection.8.41.2}{\376\377\000D\000o\000c\000u\000m\000e\000n\000t\000a\000c\000i\000\363\000n\000\040\000d\000e\000\040\000l\000a\000s\000\040\000f\000u\000n\000c\000i\000o\000n\000e\000s\000\040\000m\000i\000e\000m\000b\000r\000o}{section.8.41}
\BOOKMARK [3][-]{subsubsection.8.41.2.1}{\376\377\000s\000o\000r\000t\000A\000s\000c\000e\000n\000d\000i\000n\000g\000D\000e\000r\000e\000f}{subsection.8.41.2}
\BOOKMARK [1][-]{section.8.42}{\376\377\000R\000e\000f\000e\000r\000e\000n\000c\000i\000a\000\040\000d\000e\000\040\000l\000a\000\040\000C\000l\000a\000s\000e\000\040\000d\000f\000v\000:\000:\000M\000a\000t\000r\000i\000x}{chapter.8}
\BOOKMARK [1][-]{section.8.43}{\376\377\000R\000e\000f\000e\000r\000e\000n\000c\000i\000a\000\040\000d\000e\000\040\000l\000a\000\040\000C\000l\000a\000s\000e\000\040\000x\000s\000e\000n\000s\000:\000:\000M\000e\000s\000s\000a\000g\000e}{chapter.8}
\BOOKMARK [2][-]{subsection.8.43.1}{\376\377\000D\000e\000s\000c\000r\000i\000p\000c\000i\000\363\000n\000\040\000d\000e\000t\000a\000l\000l\000a\000d\000a}{section.8.43}
\BOOKMARK [2][-]{subsection.8.43.2}{\376\377\000D\000o\000c\000u\000m\000e\000n\000t\000a\000c\000i\000\363\000n\000\040\000d\000e\000l\000\040\000c\000o\000n\000s\000t\000r\000u\000c\000t\000o\000r\000\040\000y\000\040\000d\000e\000s\000t\000r\000u\000c\000t\000o\000r}{section.8.43}
\BOOKMARK [3][-]{subsubsection.8.43.2.1}{\376\377\000M\000e\000s\000s\000a\000g\000e}{subsection.8.43.2}
\BOOKMARK [3][-]{subsubsection.8.43.2.2}{\376\377\000M\000e\000s\000s\000a\000g\000e}{subsection.8.43.2}
\BOOKMARK [2][-]{subsection.8.43.3}{\376\377\000D\000o\000c\000u\000m\000e\000n\000t\000a\000c\000i\000\363\000n\000\040\000d\000e\000\040\000l\000a\000s\000\040\000f\000u\000n\000c\000i\000o\000n\000e\000s\000\040\000m\000i\000e\000m\000b\000r\000o}{section.8.43}
\BOOKMARK [3][-]{subsubsection.8.43.3.1}{\376\377\000g\000e\000t\000D\000a\000t\000a\000B\000u\000f\000f\000e\000r}{subsection.8.43.3}
\BOOKMARK [3][-]{subsubsection.8.43.3.2}{\376\377\000g\000e\000t\000D\000a\000t\000a\000B\000y\000t\000e}{subsection.8.43.3}
\BOOKMARK [3][-]{subsubsection.8.43.3.3}{\376\377\000g\000e\000t\000D\000a\000t\000a\000D\000o\000u\000b\000l\000e}{subsection.8.43.3}
\BOOKMARK [3][-]{subsubsection.8.43.3.4}{\376\377\000g\000e\000t\000D\000a\000t\000a\000F\0001\0002\0002\0000}{subsection.8.43.3}
\BOOKMARK [3][-]{subsubsection.8.43.3.5}{\376\377\000g\000e\000t\000D\000a\000t\000a\000F\000l\000o\000a\000t}{subsection.8.43.3}
\BOOKMARK [3][-]{subsubsection.8.43.3.6}{\376\377\000g\000e\000t\000D\000a\000t\000a\000F\000P\0001\0006\0003\0002}{subsection.8.43.3}
\BOOKMARK [3][-]{subsubsection.8.43.3.7}{\376\377\000g\000e\000t\000D\000a\000t\000a\000F\000P\000V\000a\000l\000u\000e}{subsection.8.43.3}
\BOOKMARK [3][-]{subsubsection.8.43.3.8}{\376\377\000g\000e\000t\000D\000a\000t\000a\000F\000P\000V\000a\000l\000u\000e}{subsection.8.43.3}
\BOOKMARK [3][-]{subsubsection.8.43.3.9}{\376\377\000g\000e\000t\000D\000a\000t\000a\000L\000o\000n\000g}{subsection.8.43.3}
\BOOKMARK [3][-]{subsubsection.8.43.3.10}{\376\377\000g\000e\000t\000D\000a\000t\000a\000S\000h\000o\000r\000t}{subsection.8.43.3}
\BOOKMARK [3][-]{subsubsection.8.43.3.11}{\376\377\000g\000e\000t\000M\000e\000s\000s\000a\000g\000e\000S\000t\000a\000r\000t}{subsection.8.43.3}
\BOOKMARK [3][-]{subsubsection.8.43.3.12}{\376\377\000g\000e\000t\000T\000o\000t\000a\000l\000M\000e\000s\000s\000a\000g\000e\000S\000i\000z\000e}{subsection.8.43.3}
\BOOKMARK [3][-]{subsubsection.8.43.3.13}{\376\377\000l\000o\000a\000d\000F\000r\000o\000m\000S\000t\000r\000i\000n\000g}{subsection.8.43.3}
\BOOKMARK [3][-]{subsubsection.8.43.3.14}{\376\377\000r\000e\000c\000o\000m\000p\000u\000t\000e\000C\000h\000e\000c\000k\000s\000u\000m}{subsection.8.43.3}
\BOOKMARK [3][-]{subsubsection.8.43.3.15}{\376\377\000s\000e\000t\000D\000a\000t\000a\000B\000u\000f\000f\000e\000r}{subsection.8.43.3}
\BOOKMARK [3][-]{subsubsection.8.43.3.16}{\376\377\000s\000e\000t\000D\000a\000t\000a\000B\000y\000t\000e}{subsection.8.43.3}
\BOOKMARK [3][-]{subsubsection.8.43.3.17}{\376\377\000s\000e\000t\000D\000a\000t\000a\000D\000o\000u\000b\000l\000e}{subsection.8.43.3}
\BOOKMARK [3][-]{subsubsection.8.43.3.18}{\376\377\000s\000e\000t\000D\000a\000t\000a\000F\0001\0002\0002\0000}{subsection.8.43.3}
\BOOKMARK [3][-]{subsubsection.8.43.3.19}{\376\377\000s\000e\000t\000D\000a\000t\000a\000F\000l\000o\000a\000t}{subsection.8.43.3}
\BOOKMARK [3][-]{subsubsection.8.43.3.20}{\376\377\000s\000e\000t\000D\000a\000t\000a\000F\000P\0001\0006\0003\0002}{subsection.8.43.3}
\BOOKMARK [3][-]{subsubsection.8.43.3.21}{\376\377\000s\000e\000t\000D\000a\000t\000a\000F\000P\000V\000a\000l\000u\000e}{subsection.8.43.3}
\BOOKMARK [3][-]{subsubsection.8.43.3.22}{\376\377\000s\000e\000t\000D\000a\000t\000a\000F\000P\000V\000a\000l\000u\000e}{subsection.8.43.3}
\BOOKMARK [3][-]{subsubsection.8.43.3.23}{\376\377\000s\000e\000t\000D\000a\000t\000a\000L\000o\000n\000g}{subsection.8.43.3}
\BOOKMARK [3][-]{subsubsection.8.43.3.24}{\376\377\000s\000e\000t\000D\000a\000t\000a\000S\000h\000o\000r\000t}{subsection.8.43.3}
\BOOKMARK [1][-]{section.8.44}{\376\377\000R\000e\000f\000e\000r\000e\000n\000c\000i\000a\000\040\000d\000e\000\040\000l\000a\000\040\000E\000s\000t\000r\000u\000c\000t\000u\000r\000a\000\040\000x\000s\000e\000n\000s\000:\000:\000M\000e\000s\000s\000a\000g\000e\000H\000e\000a\000d\000e\000r}{chapter.8}
\BOOKMARK [2][-]{subsection.8.44.1}{\376\377\000D\000e\000s\000c\000r\000i\000p\000c\000i\000\363\000n\000\040\000d\000e\000t\000a\000l\000l\000a\000d\000a}{section.8.44}
\BOOKMARK [1][-]{section.8.45}{\376\377\000R\000e\000f\000e\000r\000e\000n\000c\000i\000a\000\040\000d\000e\000\040\000l\000a\000\040\000C\000l\000a\000s\000e\000\040\000x\000s\000e\000n\000s\000:\000:\000M\000i\000l\000l\000i\000s\000e\000c\000o\000n\000d\000T\000i\000m\000e\000r}{chapter.8}
\BOOKMARK [1][-]{section.8.46}{\376\377\000R\000e\000f\000e\000r\000e\000n\000c\000i\000a\000\040\000d\000e\000\040\000l\000a\000\040\000C\000l\000a\000s\000e\000\040\000x\000s\000e\000n\000s\000:\000:\000P\000a\000c\000k\000e\000t}{chapter.8}
\BOOKMARK [2][-]{subsection.8.46.1}{\376\377\000D\000e\000s\000c\000r\000i\000p\000c\000i\000\363\000n\000\040\000d\000e\000t\000a\000l\000l\000a\000d\000a}{section.8.46}
\BOOKMARK [2][-]{subsection.8.46.2}{\376\377\000D\000o\000c\000u\000m\000e\000n\000t\000a\000c\000i\000\363\000n\000\040\000d\000e\000\040\000l\000a\000s\000\040\000f\000u\000n\000c\000i\000o\000n\000e\000s\000\040\000m\000i\000e\000m\000b\000r\000o}{section.8.46}
\BOOKMARK [3][-]{subsubsection.8.46.2.1}{\376\377\000g\000e\000t\000A\000c\000c\000G}{subsection.8.46.2}
\BOOKMARK [3][-]{subsubsection.8.46.2.2}{\376\377\000g\000e\000t\000A\000n\000a\000l\000o\000g\000I\000n\0001}{subsection.8.46.2}
\BOOKMARK [3][-]{subsubsection.8.46.2.3}{\376\377\000g\000e\000t\000A\000n\000a\000l\000o\000g\000I\000n\0002}{subsection.8.46.2}
\BOOKMARK [3][-]{subsubsection.8.46.2.4}{\376\377\000g\000e\000t\000C\000a\000l\000A\000c\000c}{subsection.8.46.2}
\BOOKMARK [3][-]{subsubsection.8.46.2.5}{\376\377\000g\000e\000t\000C\000a\000l\000D\000a\000t\000a}{subsection.8.46.2}
\BOOKMARK [3][-]{subsubsection.8.46.2.6}{\376\377\000g\000e\000t\000C\000a\000l\000G\000y\000r}{subsection.8.46.2}
\BOOKMARK [3][-]{subsubsection.8.46.2.7}{\376\377\000g\000e\000t\000C\000a\000l\000M\000a\000g}{subsection.8.46.2}
\BOOKMARK [3][-]{subsubsection.8.46.2.8}{\376\377\000g\000e\000t\000D\000a\000t\000a\000S\000i\000z\000e}{subsection.8.46.2}
\BOOKMARK [3][-]{subsubsection.8.46.2.9}{\376\377\000g\000e\000t\000F\000P\000V\000a\000l\000u\000e\000S\000i\000z\000e}{subsection.8.46.2}
\BOOKMARK [3][-]{subsubsection.8.46.2.10}{\376\377\000g\000e\000t\000G\000p\000s\000P\000v\000t\000D\000a\000t\000a}{subsection.8.46.2}
\BOOKMARK [3][-]{subsubsection.8.46.2.11}{\376\377\000g\000e\000t\000O\000r\000i\000E\000u\000l\000e\000r}{subsection.8.46.2}
\BOOKMARK [3][-]{subsubsection.8.46.2.12}{\376\377\000g\000e\000t\000O\000r\000i\000M\000a\000t\000r\000i\000x}{subsection.8.46.2}
\BOOKMARK [3][-]{subsubsection.8.46.2.13}{\376\377\000g\000e\000t\000O\000r\000i\000Q\000u\000a\000t}{subsection.8.46.2}
\BOOKMARK [3][-]{subsubsection.8.46.2.14}{\376\377\000g\000e\000t\000P\000o\000s\000i\000t\000i\000o\000n\000L\000L\000A}{subsection.8.46.2}
\BOOKMARK [3][-]{subsubsection.8.46.2.15}{\376\377\000g\000e\000t\000R\000a\000w\000A\000c\000c}{subsection.8.46.2}
\BOOKMARK [3][-]{subsubsection.8.46.2.16}{\376\377\000g\000e\000t\000R\000a\000w\000D\000a\000t\000a}{subsection.8.46.2}
\BOOKMARK [3][-]{subsubsection.8.46.2.17}{\376\377\000g\000e\000t\000R\000a\000w\000G\000y\000r}{subsection.8.46.2}
\BOOKMARK [3][-]{subsubsection.8.46.2.18}{\376\377\000g\000e\000t\000R\000a\000w\000M\000a\000g}{subsection.8.46.2}
\BOOKMARK [3][-]{subsubsection.8.46.2.19}{\376\377\000g\000e\000t\000R\000a\000w\000P\000r\000e\000s\000s\000u\000r\000e\000D\000a\000t\000a}{subsection.8.46.2}
\BOOKMARK [3][-]{subsubsection.8.46.2.20}{\376\377\000g\000e\000t\000R\000a\000w\000T\000e\000m\000p}{subsection.8.46.2}
\BOOKMARK [3][-]{subsubsection.8.46.2.21}{\376\377\000g\000e\000t\000R\000t\000c}{subsection.8.46.2}
\BOOKMARK [3][-]{subsubsection.8.46.2.22}{\376\377\000g\000e\000t\000S\000a\000m\000p\000l\000e\000C\000o\000u\000n\000t\000e\000r}{subsection.8.46.2}
\BOOKMARK [3][-]{subsubsection.8.46.2.23}{\376\377\000g\000e\000t\000S\000t\000a\000t\000u\000s}{subsection.8.46.2}
\BOOKMARK [3][-]{subsubsection.8.46.2.24}{\376\377\000g\000e\000t\000T\000e\000m\000p}{subsection.8.46.2}
\BOOKMARK [3][-]{subsubsection.8.46.2.25}{\376\377\000g\000e\000t\000U\000t\000c\000T\000i\000m\000e}{subsection.8.46.2}
\BOOKMARK [3][-]{subsubsection.8.46.2.26}{\376\377\000g\000e\000t\000V\000e\000l\000o\000c\000i\000t\000y}{subsection.8.46.2}
\BOOKMARK [1][-]{section.8.47}{\376\377\000R\000e\000f\000e\000r\000e\000n\000c\000i\000a\000\040\000d\000e\000\040\000l\000a\000\040\000E\000s\000t\000r\000u\000c\000t\000u\000r\000a\000\040\000x\000s\000e\000n\000s\000:\000:\000P\000a\000c\000k\000e\000t\000:\000:\000P\000a\000c\000k\000e\000t\000I\000n\000f\000o}{chapter.8}
\BOOKMARK [2][-]{subsection.8.47.1}{\376\377\000D\000e\000s\000c\000r\000i\000p\000c\000i\000\363\000n\000\040\000d\000e\000t\000a\000l\000l\000a\000d\000a}{section.8.47}
\BOOKMARK [1][-]{section.8.48}{\376\377\000R\000e\000f\000e\000r\000e\000n\000c\000i\000a\000\040\000d\000e\000\040\000l\000a\000\040\000C\000l\000a\000s\000e\000\040\000d\000f\000v\000:\000:\000Q\000u\000a\000t\000e\000r\000n\000i\000o\000n}{chapter.8}
\BOOKMARK [1][-]{section.8.49}{\376\377\000R\000e\000f\000e\000r\000e\000n\000c\000i\000a\000\040\000d\000e\000\040\000l\000a\000\040\000C\000l\000a\000s\000e\000\040\000x\000s\000e\000n\000s\000:\000:\000S\000e\000n\000s\000o\000r}{chapter.8}
\BOOKMARK [1][-]{section.8.50}{\376\377\000R\000e\000f\000e\000r\000e\000n\000c\000i\000a\000\040\000d\000e\000\040\000l\000a\000\040\000C\000l\000a\000s\000e\000\040\000x\000s\000e\000n\000s\000:\000:\000S\000e\000n\000s\000o\000r\000S\000u\000b\000s\000c\000r\000i\000b\000e\000r}{chapter.8}
\BOOKMARK [1][-]{section.8.51}{\376\377\000R\000e\000f\000e\000r\000e\000n\000c\000i\000a\000\040\000d\000e\000\040\000l\000a\000\040\000C\000l\000a\000s\000e\000\040\000x\000s\000e\000n\000s\000:\000:\000S\000e\000n\000s\000o\000r\000S\000u\000b\000s\000c\000r\000i\000b\000e\000r\000L\000i\000s\000t}{chapter.8}
\BOOKMARK [1][-]{section.8.52}{\376\377\000R\000e\000f\000e\000r\000e\000n\000c\000i\000a\000\040\000d\000e\000\040\000l\000a\000\040\000C\000l\000a\000s\000e\000\040\000x\000s\000e\000n\000s\000:\000:\000T\000i\000m\000e\000S\000y\000n\000c}{chapter.8}
\BOOKMARK [1][-]{section.8.53}{\376\377\000R\000e\000f\000e\000r\000e\000n\000c\000i\000a\000\040\000d\000e\000\040\000l\000a\000\040\000C\000l\000a\000s\000e\000\040\000d\000f\000v\000:\000:\000V\000e\000c\000t\000o\000r\0003}{chapter.8}
\BOOKMARK [2][-]{subsection.8.53.1}{\376\377\000D\000e\000s\000c\000r\000i\000p\000c\000i\000\363\000n\000\040\000d\000e\000t\000a\000l\000l\000a\000d\000a}{section.8.53}
\BOOKMARK [1][-]{section.8.54}{\376\377\000R\000e\000f\000e\000r\000e\000n\000c\000i\000a\000\040\000d\000e\000\040\000l\000a\000\040\000C\000l\000a\000s\000e\000\040\000d\000f\000v\000:\000:\000Y\000o\000u\000b\000o\000t}{chapter.8}
\BOOKMARK [1][-]{section.8.55}{\376\377\000R\000e\000f\000e\000r\000e\000n\000c\000i\000a\000\040\000d\000e\000\040\000l\000a\000\040\000C\000l\000a\000s\000e\000\040\000Y\000o\000u\000b\000o\000t}{chapter.8}
\BOOKMARK [0][-]{chapter.9}{\376\377\000D\000o\000c\000u\000m\000e\000n\000t\000a\000c\000i\000\363\000n\000\040\000d\000e\000\040\000a\000r\000c\000h\000i\000v\000o\000s}{}
\BOOKMARK [1][-]{section.9.1}{\376\377\000R\000e\000f\000e\000r\000e\000n\000c\000i\000a\000\040\000d\000e\000l\000\040\000A\000r\000c\000h\000i\000v\000o\000\040\000x\000s\000e\000n\000s\000\137\000d\000r\000i\000v\000e\000r\000/\000i\000n\000c\000l\000u\000d\000e\000/\000x\000s\000e\000n\000s\000\137\000d\000r\000i\000v\000e\000r\000/\000c\000m\000t\0001\000.\000h}{chapter.9}
\BOOKMARK [2][-]{subsection.9.1.1}{\376\377\000D\000e\000s\000c\000r\000i\000p\000c\000i\000\363\000n\000\040\000d\000e\000t\000a\000l\000l\000a\000d\000a}{section.9.1}
\BOOKMARK [2][-]{subsection.9.1.2}{\376\377\000C\000o\000p\000y\000r\000i\000g\000h\000t\000\040\000N\000o\000t\000i\000c\000e}{section.9.1}
\BOOKMARK [1][-]{section.9.2}{\376\377\000R\000e\000f\000e\000r\000e\000n\000c\000i\000a\000\040\000d\000e\000l\000\040\000A\000r\000c\000h\000i\000v\000o\000\040\000x\000s\000e\000n\000s\000\137\000d\000r\000i\000v\000e\000r\000/\000i\000n\000c\000l\000u\000d\000e\000/\000x\000s\000e\000n\000s\000\137\000d\000r\000i\000v\000e\000r\000/\000c\000m\000t\0002\000.\000h}{chapter.9}
\BOOKMARK [2][-]{subsection.9.2.1}{\376\377\000D\000e\000s\000c\000r\000i\000p\000c\000i\000\363\000n\000\040\000d\000e\000t\000a\000l\000l\000a\000d\000a}{section.9.2}
\BOOKMARK [2][-]{subsection.9.2.2}{\376\377\000C\000o\000p\000y\000r\000i\000g\000h\000t\000\040\000N\000o\000t\000i\000c\000e}{section.9.2}
\BOOKMARK [1][-]{section.9.3}{\376\377\000R\000e\000f\000e\000r\000e\000n\000c\000i\000a\000\040\000d\000e\000l\000\040\000A\000r\000c\000h\000i\000v\000o\000\040\000x\000s\000e\000n\000s\000\137\000d\000r\000i\000v\000e\000r\000/\000i\000n\000c\000l\000u\000d\000e\000/\000x\000s\000e\000n\000s\000\137\000d\000r\000i\000v\000e\000r\000/\000c\000m\000t\0003\000.\000h}{chapter.9}
\BOOKMARK [2][-]{subsection.9.3.1}{\376\377\000D\000e\000s\000c\000r\000i\000p\000c\000i\000\363\000n\000\040\000d\000e\000t\000a\000l\000l\000a\000d\000a}{section.9.3}
\BOOKMARK [2][-]{subsection.9.3.2}{\376\377\000C\000o\000p\000y\000r\000i\000g\000h\000t\000\040\000N\000o\000t\000i\000c\000e}{section.9.3}
\BOOKMARK [1][-]{section.9.4}{\376\377\000R\000e\000f\000e\000r\000e\000n\000c\000i\000a\000\040\000d\000e\000l\000\040\000A\000r\000c\000h\000i\000v\000o\000\040\000x\000s\000e\000n\000s\000\137\000d\000r\000i\000v\000e\000r\000/\000i\000n\000c\000l\000u\000d\000e\000/\000x\000s\000e\000n\000s\000\137\000d\000r\000i\000v\000e\000r\000/\000c\000m\000t\000d\000e\000f\000.\000h}{chapter.9}
\BOOKMARK [2][-]{subsection.9.4.1}{\376\377\000D\000e\000s\000c\000r\000i\000p\000c\000i\000\363\000n\000\040\000d\000e\000t\000a\000l\000l\000a\000d\000a}{section.9.4}
\BOOKMARK [2][-]{subsection.9.4.2}{\376\377\000C\000o\000p\000y\000r\000i\000g\000h\000t\000\040\000N\000o\000t\000i\000c\000e}{section.9.4}
\BOOKMARK [2][-]{subsection.9.4.3}{\376\377\000C\000h\000a\000n\000g\000e\000l\000o\000g}{section.9.4}
\BOOKMARK [2][-]{subsection.9.4.4}{\376\377\000D\000o\000c\000u\000m\000e\000n\000t\000a\000c\000i\000\363\000n\000\040\000d\000e\000\040\000l\000o\000s\000\040\000'\000d\000e\000f\000i\000n\000e\000s\000'}{section.9.4}
\BOOKMARK [3][-]{subsubsection.9.4.4.1}{\376\377\000C\000M\000T\000\137\000D\000E\000F\000A\000U\000L\000T\000\137\000O\000U\000T\000P\000U\000T\000\137\000S\000E\000T\000T\000I\000N\000G\000S}{subsection.9.4.4}
\BOOKMARK [2][-]{subsection.9.4.5}{\376\377\000D\000o\000c\000u\000m\000e\000n\000t\000a\000c\000i\000\363\000n\000\040\000d\000e\000\040\000l\000a\000s\000\040\000e\000n\000u\000m\000e\000r\000a\000c\000i\000o\000n\000e\000s}{section.9.4}
\BOOKMARK [3][-]{subsubsection.9.4.5.1}{\376\377\000C\000m\000t\000C\000a\000l\000l\000b\000a\000c\000k\000T\000y\000p\000e}{subsection.9.4.5}
\BOOKMARK [1][-]{section.9.5}{\376\377\000R\000e\000f\000e\000r\000e\000n\000c\000i\000a\000\040\000d\000e\000l\000\040\000A\000r\000c\000h\000i\000v\000o\000\040\000x\000s\000e\000n\000s\000\137\000d\000r\000i\000v\000e\000r\000/\000i\000n\000c\000l\000u\000d\000e\000/\000x\000s\000e\000n\000s\000\137\000d\000r\000i\000v\000e\000r\000/\000c\000m\000t\000m\000e\000s\000s\000a\000g\000e\000.\000h}{chapter.9}
\BOOKMARK [2][-]{subsection.9.5.1}{\376\377\000D\000e\000s\000c\000r\000i\000p\000c\000i\000\363\000n\000\040\000d\000e\000t\000a\000l\000l\000a\000d\000a}{section.9.5}
\BOOKMARK [2][-]{subsection.9.5.2}{\376\377\000C\000o\000p\000y\000r\000i\000g\000h\000t\000\040\000N\000o\000t\000i\000c\000e}{section.9.5}
\BOOKMARK [1][-]{section.9.6}{\376\377\000R\000e\000f\000e\000r\000e\000n\000c\000i\000a\000\040\000d\000e\000l\000\040\000A\000r\000c\000h\000i\000v\000o\000\040\000x\000s\000e\000n\000s\000\137\000d\000r\000i\000v\000e\000r\000/\000i\000n\000c\000l\000u\000d\000e\000/\000x\000s\000e\000n\000s\000\137\000d\000r\000i\000v\000e\000r\000/\000c\000m\000t\000p\000a\000c\000k\000e\000t\000.\000h}{chapter.9}
\BOOKMARK [2][-]{subsection.9.6.1}{\376\377\000D\000e\000s\000c\000r\000i\000p\000c\000i\000\363\000n\000\040\000d\000e\000t\000a\000l\000l\000a\000d\000a}{section.9.6}
\BOOKMARK [2][-]{subsection.9.6.2}{\376\377\000C\000o\000p\000y\000r\000i\000g\000h\000t\000\040\000N\000o\000t\000i\000c\000e}{section.9.6}
\BOOKMARK [2][-]{subsection.9.6.3}{\376\377\000C\000h\000a\000n\000g\000e\000l\000o\000g}{section.9.6}
\BOOKMARK [2][-]{subsection.9.6.4}{\376\377\000D\000o\000c\000u\000m\000e\000n\000t\000a\000c\000i\000\363\000n\000\040\000d\000e\000\040\000l\000o\000s\000\040\000'\000d\000e\000f\000i\000n\000e\000s\000'}{section.9.6}
\BOOKMARK [3][-]{subsubsection.9.6.4.1}{\376\377\000c\000o\000n\000t\000a\000i\000n\000s\000R\000a\000w\000G\000p\000s\000D\000a\000t\000a}{subsection.9.6.4}
\BOOKMARK [3][-]{subsubsection.9.6.4.2}{\376\377\000g\000e\000t\000R\000a\000w\000G\000p\000s\000D\000a\000t\000a}{subsection.9.6.4}
\BOOKMARK [3][-]{subsubsection.9.6.4.3}{\376\377\000u\000p\000d\000a\000t\000e\000R\000a\000w\000G\000p\000s\000D\000a\000t\000a}{subsection.9.6.4}
\BOOKMARK [1][-]{section.9.7}{\376\377\000R\000e\000f\000e\000r\000e\000n\000c\000i\000a\000\040\000d\000e\000l\000\040\000A\000r\000c\000h\000i\000v\000o\000\040\000x\000s\000e\000n\000s\000\137\000d\000r\000i\000v\000e\000r\000/\000i\000n\000c\000l\000u\000d\000e\000/\000x\000s\000e\000n\000s\000\137\000d\000r\000i\000v\000e\000r\000/\000c\000m\000t\000s\000c\000a\000n\000.\000h}{chapter.9}
\BOOKMARK [2][-]{subsection.9.7.1}{\376\377\000D\000e\000s\000c\000r\000i\000p\000c\000i\000\363\000n\000\040\000d\000e\000t\000a\000l\000l\000a\000d\000a}{section.9.7}
\BOOKMARK [2][-]{subsection.9.7.2}{\376\377\000C\000o\000p\000y\000r\000i\000g\000h\000t\000\040\000N\000o\000t\000i\000c\000e}{section.9.7}
\BOOKMARK [2][-]{subsection.9.7.3}{\376\377\000C\000h\000a\000n\000g\000e\000l\000o\000g}{section.9.7}
\BOOKMARK [1][-]{section.9.8}{\376\377\000R\000e\000f\000e\000r\000e\000n\000c\000i\000a\000\040\000d\000e\000l\000\040\000A\000r\000c\000h\000i\000v\000o\000\040\000x\000s\000e\000n\000s\000\137\000d\000r\000i\000v\000e\000r\000/\000i\000n\000c\000l\000u\000d\000e\000/\000x\000s\000e\000n\000s\000\137\000d\000r\000i\000v\000e\000r\000/\000x\000s\000e\000n\000s\000\137\000f\000i\000f\000o\000q\000u\000e\000u\000e\000.\000h}{chapter.9}
\BOOKMARK [2][-]{subsection.9.8.1}{\376\377\000D\000e\000s\000c\000r\000i\000p\000c\000i\000\363\000n\000\040\000d\000e\000t\000a\000l\000l\000a\000d\000a}{section.9.8}
\BOOKMARK [2][-]{subsection.9.8.2}{\376\377\000C\000o\000p\000y\000r\000i\000g\000h\000t\000\040\000N\000o\000t\000i\000c\000e}{section.9.8}
\BOOKMARK [2][-]{subsection.9.8.3}{\376\377\000C\000h\000a\000n\000g\000e\000l\000o\000g}{section.9.8}
\BOOKMARK [1][-]{section.9.9}{\376\377\000R\000e\000f\000e\000r\000e\000n\000c\000i\000a\000\040\000d\000e\000l\000\040\000A\000r\000c\000h\000i\000v\000o\000\040\000x\000s\000e\000n\000s\000\137\000d\000r\000i\000v\000e\000r\000/\000i\000n\000c\000l\000u\000d\000e\000/\000x\000s\000e\000n\000s\000\137\000d\000r\000i\000v\000e\000r\000/\000x\000s\000e\000n\000s\000\137\000j\000a\000n\000i\000t\000o\000r\000s\000.\000h}{chapter.9}
\BOOKMARK [2][-]{subsection.9.9.1}{\376\377\000D\000e\000s\000c\000r\000i\000p\000c\000i\000\363\000n\000\040\000d\000e\000t\000a\000l\000l\000a\000d\000a}{section.9.9}
\BOOKMARK [2][-]{subsection.9.9.2}{\376\377\000C\000o\000p\000y\000r\000i\000g\000h\000t\000\040\000N\000o\000t\000i\000c\000e}{section.9.9}
\BOOKMARK [1][-]{section.9.10}{\376\377\000R\000e\000f\000e\000r\000e\000n\000c\000i\000a\000\040\000d\000e\000l\000\040\000A\000r\000c\000h\000i\000v\000o\000\040\000x\000s\000e\000n\000s\000\137\000d\000r\000i\000v\000e\000r\000/\000i\000n\000c\000l\000u\000d\000e\000/\000x\000s\000e\000n\000s\000\137\000d\000r\000i\000v\000e\000r\000/\000x\000s\000e\000n\000s\000\137\000l\000i\000s\000t\000.\000h}{chapter.9}
\BOOKMARK [2][-]{subsection.9.10.1}{\376\377\000D\000e\000s\000c\000r\000i\000p\000c\000i\000\363\000n\000\040\000d\000e\000t\000a\000l\000l\000a\000d\000a}{section.9.10}
\BOOKMARK [2][-]{subsection.9.10.2}{\376\377\000C\000o\000p\000y\000r\000i\000g\000h\000t\000\040\000N\000o\000t\000i\000c\000e}{section.9.10}
\BOOKMARK [2][-]{subsection.9.10.3}{\376\377\000S\000w\000i\000t\000c\000h\000e\000s}{section.9.10}
\BOOKMARK [1][-]{section.9.11}{\376\377\000R\000e\000f\000e\000r\000e\000n\000c\000i\000a\000\040\000d\000e\000l\000\040\000A\000r\000c\000h\000i\000v\000o\000\040\000x\000s\000e\000n\000s\000\137\000d\000r\000i\000v\000e\000r\000/\000i\000n\000c\000l\000u\000d\000e\000/\000x\000s\000e\000n\000s\000\137\000d\000r\000i\000v\000e\000r\000/\000x\000s\000e\000n\000s\000\137\000s\000t\000d\000.\000h}{chapter.9}
\BOOKMARK [2][-]{subsection.9.11.1}{\376\377\000D\000e\000s\000c\000r\000i\000p\000c\000i\000\363\000n\000\040\000d\000e\000t\000a\000l\000l\000a\000d\000a}{section.9.11}
\BOOKMARK [2][-]{subsection.9.11.2}{\376\377\000C\000o\000p\000y\000r\000i\000g\000h\000t\000\040\000N\000o\000t\000i\000c\000e}{section.9.11}
\BOOKMARK [2][-]{subsection.9.11.3}{\376\377\000D\000o\000c\000u\000m\000e\000n\000t\000a\000c\000i\000\363\000n\000\040\000d\000e\000\040\000l\000a\000s\000\040\000f\000u\000n\000c\000i\000o\000n\000e\000s}{section.9.11}
\BOOKMARK [3][-]{subsubsection.9.11.3.1}{\376\377\000x\000s\000e\000n\000s\000R\000e\000s\000u\000l\000t\000T\000e\000x\000t}{subsection.9.11.3}
